SF:lib/src/data/repositories/AuthenticationRepository.dart
DA:10,1
DA:11,1
DA:13,0
DA:14,0
DA:17,1
DA:19,1
DA:20,1
DA:21,2
DA:22,1
DA:23,1
DA:24,1
DA:25,1
DA:26,1
LF:13
LH:11
end_of_record
SF:lib/src/data/api/Api.dart
DA:4,3
DA:6,0
DA:7,4
DA:9,1
DA:10,2
DA:11,2
DA:12,0
DA:13,0
DA:14,0
DA:15,0
DA:16,0
DA:17,0
DA:18,0
DA:22,0
DA:23,0
DA:24,0
LF:16
LH:5
end_of_record
SF:lib/src/data/repositories/UserRepository.dart
DA:11,1
DA:12,1
DA:14,0
DA:15,0
DA:18,1
DA:20,4
DA:21,1
DA:22,1
DA:23,2
DA:25,2
LF:10
LH:8
end_of_record
SF:lib/src/domain/entities/user/AppUser.dart
DA:10,3
DA:12,2
DA:14,2
LF:3
LH:3
end_of_record
SF:lib/src/domain/entities/user/AppUser.g.dart
DA:9,1
DA:10,1
DA:11,1
DA:12,1
DA:16,2
DA:17,1
DA:18,1
LF:7
LH:7
end_of_record
SF:lib/src/data/repositories/FieldRepository.dart
DA:11,1
DA:12,1
DA:14,0
DA:15,0
DA:18,1
DA:20,4
DA:21,1
DA:22,3
DA:23,1
DA:25,2
LF:10
LH:8
end_of_record
SF:lib/src/domain/entities/field/Field.g.dart
DA:9,1
DA:10,1
DA:11,1
DA:12,1
DA:16,2
DA:17,1
DA:18,1
LF:7
LH:7
end_of_record
SF:lib/src/domain/entities/field/Field.dart
DA:10,2
DA:12,2
DA:14,2
LF:3
LH:3
end_of_record
SF:lib/src/presentation/screens/user/bloc/UserBloc.dart
DA:6,6
DA:9,1
DA:10,1
DA:11,1
LF:4
LH:4
end_of_record
SF:lib/src/presentation/screens/user/bloc/UserState.dart
DA:4,4
DA:8,4
LF:2
LH:2
end_of_record
SF:lib/src/presentation/components/templates/UserTemplate.dart
DA:4,1
DA:6,1
DA:8,3
LF:3
LH:3
end_of_record
SF:lib/src/presentation/core/Screen.dart
DA:12,3
DA:13,3
DA:16,2
DA:17,2
DA:20,3
DA:23,3
DA:24,3
DA:29,3
DA:31,3
DA:32,3
DA:33,6
DA:34,6
DA:35,3
DA:37,0
DA:40,3
DA:43,3
DA:44,6
DA:45,3
DA:48,1
DA:50,1
DA:52,1
DA:53,1
DA:55,1
DA:56,1
DA:58,1
DA:59,1
DA:61,1
DA:62,1
DA:68,2
DA:70,1
DA:72,1
DA:74,1
DA:76,1
DA:80,6
DA:82,1
DA:86,1
DA:87,1
LF:37
LH:36
end_of_record
SF:lib/src/presentation/core/ScreenBloc.dart
DA:6,5
DA:7,5
DA:9,3
DA:11,3
DA:18,5
DA:20,3
DA:21,6
LF:7
LH:7
end_of_record
SF:lib/src/presentation/screens/user/UserScreen.dart
DA:9,2
DA:11,1
DA:16,1
DA:18,1
DA:21,1
DA:22,1
DA:26,3
DA:28,1
DA:30,1
LF:9
LH:9
end_of_record
SF:lib/src/domain/usecases/GetFieldsUseCase.dart
DA:11,1
DA:12,2
DA:15,1
DA:17,3
DA:20,0
LF:5
LH:4
end_of_record
SF:lib/src/domain/core/UseCase.dart
DA:5,2
DA:12,2
LF:2
LH:2
end_of_record
SF:lib/src/presentation/components/templates/MainTemplate.dart
DA:9,1
DA:14,1
DA:16,1
DA:17,0
DA:18,0
DA:19,0
DA:20,0
DA:21,0
DA:22,0
DA:23,0
DA:24,0
DA:25,0
DA:28,1
LF:13
LH:4
end_of_record
SF:lib/src/presentation/screens/main/bloc/MainBloc.dart
DA:6,3
DA:9,1
DA:10,1
DA:11,1
LF:4
LH:4
end_of_record
SF:lib/src/presentation/screens/main/bloc/MainEvent.dart
DA:4,1
LF:1
LH:1
end_of_record
SF:lib/src/presentation/screens/main/bloc/MainState.dart
DA:4,2
DA:8,2
LF:2
LH:2
end_of_record
SF:lib/src/domain/usecases/LoginUseCase.dart
DA:15,1
DA:16,1
DA:18,1
DA:21,1
DA:23,1
DA:24,1
DA:25,3
DA:26,1
DA:27,1
DA:28,1
DA:29,3
DA:42,2
LF:12
LH:12
end_of_record
SF:lib/src/configuration/injectionConfiguration/injection_container.config.dart
DA:27,0
DA:29,0
DA:30,0
DA:31,0
DA:32,0
DA:33,0
DA:34,0
DA:35,0
DA:36,0
DA:37,0
DA:38,0
DA:39,0
DA:40,0
DA:41,0
DA:42,0
DA:43,0
LF:16
LH:0
end_of_record
SF:lib/src/data/repositories/SharedPreferencesRepository.dart
DA:9,0
DA:10,0
DA:11,0
DA:12,0
DA:13,0
DA:18,0
DA:19,0
DA:20,0
LF:8
LH:0
end_of_record
SF:lib/src/presentation/configuration/navigation/NavigationService.dart
DA:9,0
DA:10,0
DA:13,0
DA:14,0
DA:17,0
DA:18,0
LF:6
LH:0
end_of_record
SF:lib/src/presentation/configuration/navigation/RouteService.dart
DA:10,0
DA:12,0
DA:13,0
DA:14,0
DA:15,0
DA:16,0
DA:17,0
DA:18,0
DA:20,0
LF:9
LH:0
end_of_record
SF:lib/src/configuration/injectionConfiguration/injection_container.dart
DA:5,0
DA:7,0
DA:8,0
LF:3
LH:0
end_of_record
SF:lib/src/presentation/components/atoms/CButton.dart
DA:10,1
DA:16,1
DA:18,1
DA:20,1
DA:21,1
DA:23,2
DA:24,1
DA:25,1
DA:26,1
DA:27,1
DA:28,2
DA:29,1
DA:31,1
DA:33,2
DA:34,1
DA:43,0
DA:44,0
LF:17
LH:15
end_of_record
SF:lib/src/presentation/components/atoms/CGridView.dart
DA:8,1
DA:10,1
DA:12,6
DA:16,1
DA:17,1
DA:18,4
DA:20,5
DA:22,0
DA:28,1
DA:29,1
DA:30,2
DA:31,1
DA:32,1
DA:34,3
DA:36,3
DA:39,1
DA:41,1
DA:46,1
DA:48,1
DA:49,1
DA:50,1
DA:51,1
DA:52,1
LF:23
LH:22
end_of_record
SF:lib/src/presentation/components/atoms/CSearchField.dart
DA:6,1
DA:8,1
DA:10,1
DA:11,1
DA:12,1
DA:13,1
DA:16,1
DA:18,1
DA:21,2
DA:22,1
DA:23,2
DA:24,1
DA:25,1
DA:26,2
DA:27,1
LF:15
LH:15
end_of_record
SF:lib/src/presentation/components/atoms/CTextFormField.dart
DA:9,1
DA:11,1
DA:13,1
DA:14,1
DA:15,1
DA:16,1
DA:17,1
DA:18,2
DA:19,1
DA:20,2
DA:21,1
DA:22,2
LF:12
LH:12
end_of_record
SF:lib/src/presentation/components/atoms/CTextLink.dart
DA:10,1
DA:17,1
DA:19,1
DA:21,1
DA:22,1
DA:23,1
DA:24,3
DA:25,1
DA:26,1
DA:27,0
DA:28,0
DA:30,2
DA:31,2
LF:13
LH:11
end_of_record
SF:lib/src/presentation/components/atoms/CTitle.dart
DA:6,6
DA:8,2
DA:10,2
DA:11,2
DA:13,4
DA:14,2
DA:15,2
LF:7
LH:7
end_of_record
SF:lib/src/presentation/components/molecules/CFootballFieldItem.dart
DA:7,1
DA:9,1
DA:11,1
DA:13,1
DA:15,1
DA:16,2
DA:17,0
DA:18,0
DA:19,0
DA:20,0
DA:26,1
DA:27,1
DA:30,1
DA:31,2
DA:32,1
DA:34,1
DA:37,1
DA:38,2
DA:39,2
DA:41,1
LF:20
LH:16
end_of_record
SF:lib/src/presentation/components/organisms/CFootballFieldList.dart
DA:10,1
DA:12,1
DA:14,4
LF:3
LH:3
end_of_record
SF:lib/src/presentation/components/organisms/CProgressModal.dart
DA:5,1
DA:7,1
DA:8,0
DA:10,1
DA:13,1
DA:14,1
DA:17,1
DA:18,1
LF:8
LH:7
end_of_record
SF:lib/src/presentation/components/organisms/LoginForm.dart
DA:11,1
DA:12,1
DA:14,1
DA:15,1
DA:23,1
DA:25,1
DA:26,1
DA:27,1
DA:28,1
DA:29,1
DA:31,1
DA:33,1
DA:36,1
DA:38,1
DA:40,1
DA:43,1
DA:44,2
DA:48,1
DA:51,1
DA:52,0
DA:53,0
DA:62,1
DA:64,2
DA:65,2
DA:66,1
LF:25
LH:23
end_of_record
SF:lib/src/presentation/components/templates/FieldListTemplate.dart
DA:13,1
DA:18,1
DA:20,1
DA:21,1
DA:22,1
DA:23,1
DA:24,1
DA:25,1
DA:26,1
DA:27,1
DA:28,1
DA:29,1
DA:35,1
DA:38,1
DA:39,1
DA:41,1
DA:47,1
DA:50,3
DA:51,1
DA:52,1
DA:54,1
DA:57,1
DA:60,1
DA:63,3
LF:24
LH:24
end_of_record
SF:lib/src/presentation/components/templates/LoginTemplate.dart
DA:11,1
DA:16,1
DA:18,1
DA:19,1
DA:20,1
DA:21,1
DA:22,1
DA:23,1
DA:24,1
DA:25,1
DA:26,1
DA:32,1
DA:35,1
DA:36,1
DA:37,1
DA:42,2
LF:16
LH:16
end_of_record
SF:lib/src/presentation/screens/login/LoginScreen.dart
DA:10,2
DA:12,0
DA:13,0
DA:17,0
DA:18,2
DA:20,1
DA:21,2
DA:22,3
DA:26,1
DA:28,1
DA:30,1
DA:31,1
DA:32,1
DA:33,3
LF:14
LH:11
end_of_record
SF:lib/src/presentation/screens/main/MainScreen.dart
DA:11,0
DA:13,0
DA:14,0
DA:21,0
DA:23,0
DA:24,0
DA:25,0
DA:29,0
DA:31,0
DA:32,0
DA:33,0
DA:34,0
LF:12
LH:0
end_of_record
SF:lib/src/presentation/screens/main/bloc/MainBloc.dart
DA:6,0
DA:9,0
DA:10,0
DA:11,0
LF:4
LH:0
end_of_record
SF:lib/src/presentation/screens/fieldList/FieldListScreen.dart
DA:10,2
DA:12,1
DA:17,1
DA:19,1
DA:22,0
DA:23,0
DA:29,0
DA:30,2
DA:32,1
DA:33,3
DA:36,1
DA:38,1
DA:39,2
DA:40,0
DA:41,0
DA:45,1
DA:47,1
DA:48,3
DA:49,1
DA:50,3
DA:54,1
DA:56,1
DA:57,2
LF:23
LH:18
end_of_record
SF:lib/src/presentation/screens/fieldList/bloc/FieldListBloc.dart
DA:11,0
DA:12,0
DA:15,1
DA:16,2
DA:17,1
DA:21,1
DA:22,1
DA:23,2
DA:24,1
DA:25,2
DA:29,1
DA:31,2
DA:32,3
DA:33,2
DA:35,0
DA:39,1
DA:41,2
DA:43,1
DA:44,1
DA:45,1
DA:46,1
DA:47,4
DA:49,0
LF:23
LH:19
end_of_record
SF:lib/src/presentation/screens/fieldList/bloc/FieldListEvent.dart
DA:4,1
DA:9,1
LF:2
LH:2
end_of_record
SF:lib/src/presentation/screens/fieldList/bloc/FieldListState.dart
DA:7,1
DA:8,1
DA:10,1
DA:11,3
DA:15,4
DA:19,4
DA:23,2
DA:27,1
DA:28,1
LF:9
LH:9
end_of_record
SF:lib/src/presentation/screens/login/bloc/LoginBloc.dart
DA:13,0
DA:14,0
DA:15,0
DA:18,3
DA:19,1
DA:23,1
DA:24,1
DA:25,1
DA:26,2
DA:30,1
DA:32,1
DA:33,2
DA:35,3
DA:36,3
DA:37,2
DA:38,1
DA:40,0
DA:41,0
LF:18
LH:13
end_of_record
SF:lib/src/presentation/screens/login/bloc/LoginEvent.dart
DA:7,1
LF:1
LH:1
end_of_record
SF:lib/src/presentation/screens/login/bloc/LoginState.dart
DA:4,2
DA:8,2
DA:12,2
LF:3
LH:3
end_of_record
