SF:lib/src/data/repositories/AuthenticationRepository.dart
DA:14,1
DA:15,1
DA:17,0
DA:18,0
DA:21,1
DA:23,2
DA:24,2
DA:25,0
DA:26,0
DA:27,0
DA:28,0
DA:29,2
DA:30,1
DA:31,1
DA:36,0
DA:37,0
DA:38,0
DA:40,0
DA:41,0
DA:42,0
DA:43,0
DA:45,0
DA:46,0
DA:49,0
DA:51,0
DA:57,0
DA:58,0
DA:60,0
DA:61,0
DA:62,0
DA:63,0
DA:66,0
DA:68,0
LF:33
LH:8
end_of_record
SF:lib/src/data/api/Api.dart
DA:4,0
DA:6,0
DA:7,0
DA:9,0
DA:10,0
DA:11,0
DA:12,0
DA:13,0
DA:14,0
DA:15,0
DA:16,0
DA:17,0
DA:18,0
DA:19,0
DA:20,0
DA:24,0
DA:25,0
DA:26,0
DA:27,0
DA:28,0
LF:20
LH:0
end_of_record
SF:lib/src/domain/entities/user/AppUser.dart
DA:10,2
DA:12,0
DA:14,0
LF:3
LH:1
end_of_record
SF:lib/src/domain/entities/user/AppUser.g.dart
DA:9,0
DA:10,0
DA:11,0
DA:12,0
DA:16,0
DA:17,0
DA:18,0
LF:7
LH:0
end_of_record
SF:lib/src/configuration/injectionConfiguration/injection_container.dart
DA:5,3
DA:7,1
DA:8,2
LF:3
LH:3
end_of_record
SF:lib/src/domain/usecases/LoginUseCase.dart
DA:15,1
DA:16,1
DA:18,1
DA:21,1
DA:23,1
DA:24,1
DA:25,3
DA:26,1
DA:27,1
DA:28,1
DA:29,3
DA:42,2
LF:12
LH:12
end_of_record
SF:lib/src/presentation/screens/login/bloc/LoginBloc.dart
DA:17,0
DA:18,0
DA:19,0
DA:20,0
DA:21,0
DA:24,3
DA:25,1
DA:29,1
DA:30,1
DA:31,1
DA:32,2
DA:33,0
DA:34,0
DA:35,0
DA:36,0
DA:37,0
DA:38,0
DA:42,1
DA:44,1
DA:45,2
DA:47,3
DA:48,3
DA:49,2
DA:50,1
DA:52,0
DA:53,0
DA:57,0
DA:59,0
DA:60,0
DA:61,0
DA:62,0
DA:63,0
DA:65,0
DA:69,0
DA:72,0
DA:73,0
DA:74,0
DA:75,0
DA:76,0
DA:78,0
LF:40
LH:13
end_of_record
SF:lib/src/presentation/screens/login/bloc/LoginEvent.dart
DA:8,1
DA:14,0
DA:20,0
LF:3
LH:1
end_of_record
SF:lib/src/presentation/screens/login/bloc/LoginState.dart
DA:4,2
DA:8,2
DA:12,2
LF:3
LH:3
end_of_record
SF:lib/src/presentation/components/atoms/CTitle.dart
DA:6,4
DA:8,1
DA:10,1
DA:11,1
DA:13,2
DA:14,1
DA:15,1
LF:7
LH:7
end_of_record
SF:lib/src/domain/core/UseCase.dart
DA:5,2
DA:12,0
LF:2
LH:1
end_of_record
SF:lib/src/configuration/injectionConfiguration/injection_container.config.dart
DA:29,1
DA:31,1
DA:32,1
DA:33,0
DA:34,1
DA:35,0
DA:36,1
DA:37,1
DA:38,0
DA:39,1
DA:40,0
DA:41,1
DA:42,0
DA:43,0
DA:44,0
DA:45,1
DA:46,0
DA:47,1
DA:48,2
DA:49,2
LF:20
LH:12
end_of_record
SF:lib/src/data/repositories/FieldRepository.dart
DA:11,0
DA:12,0
DA:15,0
DA:17,0
DA:18,0
DA:19,0
DA:20,0
DA:22,0
DA:23,0
DA:24,0
LF:10
LH:0
end_of_record
SF:lib/src/data/repositories/SharedPreferencesRepository.dart
DA:10,0
DA:12,0
DA:13,0
DA:14,0
DA:15,0
DA:21,0
DA:23,0
DA:24,0
LF:8
LH:0
end_of_record
SF:lib/src/data/repositories/UserRepository.dart
DA:9,0
DA:12,0
DA:13,0
DA:14,0
DA:15,0
DA:16,0
DA:19,0
DA:20,0
DA:21,0
LF:9
LH:0
end_of_record
SF:lib/src/domain/usecases/FacebookLoginUseCase.dart
DA:12,0
DA:15,0
DA:17,0
DA:24,0
LF:4
LH:0
end_of_record
SF:lib/src/domain/usecases/GetFieldsUseCase.dart
DA:11,0
DA:14,0
DA:15,0
LF:3
LH:0
end_of_record
SF:lib/src/domain/usecases/GoogleLoginUseCase.dart
DA:11,0
DA:14,0
DA:16,0
DA:23,0
LF:4
LH:0
end_of_record
SF:lib/src/presentation/configuration/navigation/NavigationService.dart
DA:9,0
DA:10,0
DA:13,0
DA:14,0
DA:17,0
DA:18,0
LF:6
LH:0
end_of_record
SF:lib/src/presentation/configuration/navigation/RouteService.dart
DA:10,0
DA:12,0
DA:13,0
DA:14,0
DA:15,0
DA:16,0
DA:17,0
DA:18,0
DA:20,0
LF:9
LH:0
end_of_record
SF:lib/src/domain/entities/field/Field.dart
DA:10,0
DA:12,0
DA:14,0
LF:3
LH:0
end_of_record
SF:lib/src/domain/entities/field/Field.g.dart
DA:9,0
DA:10,0
DA:11,0
DA:12,0
DA:16,0
DA:17,0
DA:18,0
LF:7
LH:0
end_of_record
SF:lib/src/presentation/components/atoms/CButton.dart
DA:10,1
DA:16,1
DA:18,1
DA:20,1
DA:21,1
DA:23,2
DA:24,1
DA:25,1
DA:26,1
DA:27,1
DA:28,2
DA:29,1
DA:31,1
DA:33,2
DA:34,1
DA:43,0
DA:44,0
LF:17
LH:15
end_of_record
SF:lib/src/presentation/components/atoms/CGridView.dart
DA:8,0
DA:10,0
DA:12,0
DA:16,0
DA:17,0
DA:18,0
DA:20,0
DA:22,0
DA:28,0
DA:29,0
DA:30,0
DA:31,0
DA:32,0
DA:34,0
DA:36,0
DA:39,0
DA:41,0
DA:46,0
DA:48,0
DA:49,0
DA:50,0
DA:51,0
DA:52,0
LF:23
LH:0
end_of_record
SF:lib/src/presentation/components/atoms/CSearchField.dart
DA:6,0
DA:8,0
DA:10,0
DA:11,0
DA:12,0
DA:13,0
DA:16,0
DA:18,0
DA:21,0
DA:22,0
DA:23,0
DA:24,0
DA:25,0
DA:26,0
DA:27,0
LF:15
LH:0
end_of_record
SF:lib/src/presentation/components/atoms/CTextFormField.dart
DA:9,1
DA:11,1
DA:13,1
DA:14,1
DA:15,1
DA:16,1
DA:17,1
DA:18,2
DA:19,1
DA:20,2
DA:21,1
DA:22,2
LF:12
LH:12
end_of_record
SF:lib/src/presentation/components/atoms/CTextLink.dart
DA:10,1
DA:17,1
DA:19,1
DA:21,1
DA:22,1
DA:23,1
DA:24,3
DA:25,1
DA:26,1
DA:27,0
DA:28,0
DA:30,2
DA:31,2
LF:13
LH:11
end_of_record
SF:lib/src/presentation/components/molecules/CFootballFieldItem.dart
DA:8,0
DA:10,0
DA:12,0
DA:14,0
DA:16,0
DA:17,0
DA:18,0
DA:19,0
DA:21,0
DA:22,0
DA:23,0
DA:24,0
DA:25,0
LF:13
LH:0
end_of_record
SF:lib/src/presentation/components/organisms/CFootballFieldList.dart
DA:10,0
DA:12,0
DA:14,0
LF:3
LH:0
end_of_record
SF:lib/src/presentation/components/organisms/CProgressModal.dart
DA:5,0
DA:7,0
DA:8,0
DA:10,0
DA:13,0
DA:14,0
DA:17,0
DA:18,0
LF:8
LH:0
end_of_record
SF:lib/src/presentation/components/organisms/LoginForm.dart
DA:13,1
DA:19,1
DA:21,1
DA:22,1
DA:30,1
DA:32,1
DA:33,1
DA:34,1
DA:35,1
DA:36,1
DA:38,1
DA:40,1
DA:43,1
DA:45,1
DA:47,1
DA:50,1
DA:51,2
DA:55,1
DA:58,1
DA:59,0
DA:60,0
DA:77,1
DA:79,2
DA:80,2
DA:81,1
LF:25
LH:23
end_of_record
SF:lib/src/presentation/components/templates/FieldListTemplate.dart
DA:13,0
DA:18,0
DA:20,0
DA:21,0
DA:22,0
DA:23,0
DA:24,0
DA:25,0
DA:26,0
DA:27,0
DA:28,0
DA:29,0
DA:35,0
DA:38,0
DA:39,0
DA:41,0
DA:47,0
DA:50,0
DA:51,0
DA:52,0
DA:54,0
DA:57,0
DA:60,0
DA:63,0
LF:24
LH:0
end_of_record
SF:lib/src/presentation/components/templates/LoginTemplate.dart
DA:13,1
DA:20,1
DA:22,1
DA:23,1
DA:24,1
DA:25,1
DA:26,1
DA:27,1
DA:28,1
DA:29,1
DA:30,1
DA:36,1
DA:39,1
DA:40,1
DA:41,1
DA:42,1
DA:43,1
DA:48,2
LF:18
LH:18
end_of_record
SF:lib/src/presentation/components/templates/MainTemplate.dart
DA:9,0
DA:14,0
DA:16,0
DA:17,0
DA:18,0
DA:19,0
DA:20,0
DA:21,0
DA:22,0
DA:23,0
DA:24,0
LF:11
LH:0
end_of_record
SF:lib/src/presentation/core/Screen.dart
DA:12,0
DA:13,0
DA:16,0
DA:17,0
DA:20,0
DA:23,0
DA:24,0
DA:29,0
DA:31,0
DA:32,0
DA:33,0
DA:34,0
DA:38,0
DA:41,0
DA:42,0
DA:43,0
DA:46,0
DA:48,0
DA:50,0
DA:51,0
DA:53,0
DA:54,0
DA:56,0
DA:57,0
DA:59,0
DA:60,0
DA:66,0
DA:68,0
DA:70,0
DA:72,0
DA:74,0
DA:79,0
DA:81,0
DA:85,0
DA:86,0
LF:35
LH:0
end_of_record
SF:lib/src/presentation/components/templates/UserTemplate.dart
DA:4,0
DA:6,0
DA:8,0
LF:3
LH:0
end_of_record
SF:lib/src/presentation/screens/login/LoginScreen.dart
DA:10,0
DA:12,0
DA:13,0
DA:17,0
DA:19,0
DA:20,0
DA:21,0
DA:25,0
DA:26,0
DA:29,0
DA:30,0
DA:33,0
DA:35,0
DA:37,0
DA:38,0
DA:39,0
DA:40,0
DA:41,0
DA:42,0
LF:19
LH:0
end_of_record
SF:lib/src/presentation/screens/main/MainScreen.dart
DA:11,0
DA:13,0
DA:14,0
DA:21,0
DA:23,0
DA:24,0
DA:25,0
DA:29,0
DA:31,0
DA:32,0
DA:33,0
DA:34,0
LF:12
LH:0
end_of_record
SF:lib/src/presentation/core/ScreenBloc.dart
DA:6,1
DA:7,1
DA:9,0
DA:11,0
DA:18,1
DA:20,1
DA:21,2
LF:7
LH:5
end_of_record
SF:lib/src/presentation/screens/main/bloc/MainBloc.dart
DA:8,0
DA:11,0
LF:2
LH:0
end_of_record
SF:lib/src/presentation/screens/main/bloc/MainState.dart
DA:4,0
DA:8,0
LF:2
LH:0
end_of_record
SF:lib/src/presentation/screens/fieldList/FieldListScreen.dart
DA:10,0
DA:12,0
DA:17,0
DA:19,0
DA:22,0
DA:23,0
DA:29,0
DA:31,0
DA:32,0
DA:35,0
DA:37,0
DA:38,0
DA:39,0
DA:40,0
DA:44,0
DA:46,0
DA:47,0
DA:48,0
DA:49,0
DA:53,0
DA:55,0
DA:56,0
LF:22
LH:0
end_of_record
SF:lib/src/presentation/screens/fieldList/bloc/FieldListBloc.dart
DA:11,0
DA:14,0
DA:15,0
DA:16,0
DA:17,0
DA:18,0
DA:22,0
DA:24,0
DA:25,0
DA:26,0
DA:28,0
DA:32,0
DA:34,0
DA:36,0
DA:37,0
DA:38,0
DA:39,0
DA:40,0
DA:42,0
LF:19
LH:0
end_of_record
SF:lib/src/presentation/screens/fieldList/bloc/FieldListEvent.dart
DA:4,0
DA:9,0
LF:2
LH:0
end_of_record
SF:lib/src/presentation/screens/fieldList/bloc/FieldListState.dart
DA:7,0
DA:8,0
DA:10,0
DA:11,0
DA:15,0
DA:19,0
DA:23,0
DA:27,0
DA:28,0
LF:9
LH:0
end_of_record
SF:lib/src/presentation/screens/user/UserScreen.dart
DA:9,0
DA:11,0
DA:16,0
DA:18,0
DA:21,0
DA:22,0
DA:26,0
DA:28,0
DA:30,0
LF:9
LH:0
end_of_record
SF:lib/src/presentation/screens/user/bloc/UserBloc.dart
DA:7,0
DA:10,0
LF:2
LH:0
end_of_record
SF:lib/src/presentation/screens/user/bloc/UserState.dart
DA:4,0
DA:8,0
LF:2
LH:0
end_of_record
